{
  message: 'something failed.',
  stack: 'Error: something failed.\n' +
    '    at C:\\Users\\pavan\\OneDrive\\Desktop\\vidly-backend\\routes\\rentals.js:54:11\n' +
    '    at processTicksAndRejections (node:internal/process/task_queues:96:5)',
  level: 'error',
  timestamp: '2022-09-18T17:42:31.768Z'
}
{
  message: 'something failed.',
  stack: 'Error: something failed.\n' +
    '    at C:\\Users\\pavan\\OneDrive\\Desktop\\vidly-backend\\routes\\rentals.js:54:11\n' +
    '    at processTicksAndRejections (node:internal/process/task_queues:96:5)',
  level: 'error',
  timestamp: '2022-09-18T17:43:58.540Z'
}
{
  message: 'something failed.',
  stack: 'Error: something failed.\n' +
    '    at C:\\Users\\pavan\\OneDrive\\Desktop\\vidly-backend\\routes\\rentals.js:54:11\n' +
    '    at processTicksAndRejections (node:internal/process/task_queues:96:5)',
  level: 'error',
  timestamp: '2022-09-18T17:45:18.930Z'
}
{
  message: 'smsk',
  stack: 'Error: smsk\n' +
    '    at C:\\Users\\pavan\\OneDrive\\Desktop\\vidly-backend\\routes\\rentals.js:54:9\n' +
    '    at processTicksAndRejections (node:internal/process/task_queues:96:5)',
  level: 'error',
  timestamp: '2022-09-18T17:52:19.258Z'
}
{
  message: 'dkmckdnc',
  stack: 'Error: dkmckdnc\n' +
    '    at C:\\Users\\pavan\\OneDrive\\Desktop\\vidly-backend\\routes\\returns.js:35:11\n' +
    '    at processTicksAndRejections (node:internal/process/task_queues:96:5)',
  level: 'error',
  timestamp: '2022-09-18T18:15:12.654Z'
}
{
  message: 'dkmckdnc',
  stack: 'Error: dkmckdnc\n' +
    '    at C:\\Users\\pavan\\OneDrive\\Desktop\\vidly-backend\\routes\\returns.js:35:11\n' +
    '    at processTicksAndRejections (node:internal/process/task_queues:96:5)',
  level: 'error',
  timestamp: '2022-09-18T18:16:09.210Z'
}
{
  message: 'something faliled',
  stack: 'Error: something faliled\n' +
    '    at C:\\Users\\pavan\\OneDrive\\Desktop\\vidly-backend\\routes\\rentals.js:54:11\n' +
    '    at processTicksAndRejections (node:internal/process/task_queues:96:5)',
  level: 'error',
  timestamp: '2022-09-19T04:36:40.630Z'
}
{
  message: 'something faliled',
  stack: 'Error: something faliled\n' +
    '    at C:\\Users\\pavan\\OneDrive\\Desktop\\vidly-backend\\routes\\rentals.js:54:11\n' +
    '    at processTicksAndRejections (node:internal/process/task_queues:96:5)',
  level: 'error',
  timestamp: '2022-09-19T04:37:37.902Z'
}
{
  message: 'something faliled',
  stack: 'Error: something faliled\n' +
    '    at C:\\Users\\pavan\\OneDrive\\Desktop\\vidly-backend\\routes\\rentals.js:54:11\n' +
    '    at processTicksAndRejections (node:internal/process/task_queues:96:5)',
  level: 'error',
  timestamp: '2022-09-19T04:38:57.686Z'
}
