{
  error: Error: FATAL ERROR: jwtPrivateKey not defined.
      at module.exports (C:\Users\pavan\OneDrive\Desktop\vidly\startup\config.js:5:11)
      at Object.<anonymous> (C:\Users\pavan\OneDrive\Desktop\vidly\index.js:6:28)
      at Module._compile (node:internal/modules/cjs/loader:1105:14)
      at Object.Module._extensions..js (node:internal/modules/cjs/loader:1159:10)
      at Module.load (node:internal/modules/cjs/loader:981:32)
      at Function.Module._load (node:internal/modules/cjs/loader:822:12)
      at Function.executeUserEntryPoint [as runMain] (node:internal/modules/run_main:77:12)
      at node:internal/main/run_main_module:17:47,
  level: 'error',
  message: 'uncaughtException: FATAL ERROR: jwtPrivateKey not defined.\n' +
    'Error: FATAL ERROR: jwtPrivateKey not defined.\n' +
    '    at module.exports (C:\\Users\\pavan\\OneDrive\\Desktop\\vidly\\startup\\config.js:5:11)\n' +
    '    at Object.<anonymous> (C:\\Users\\pavan\\OneDrive\\Desktop\\vidly\\index.js:6:28)\n' +
    '    at Module._compile (node:internal/modules/cjs/loader:1105:14)\n' +
    '    at Object.Module._extensions..js (node:internal/modules/cjs/loader:1159:10)\n' +
    '    at Module.load (node:internal/modules/cjs/loader:981:32)\n' +
    '    at Function.Module._load (node:internal/modules/cjs/loader:822:12)\n' +
    '    at Function.executeUserEntryPoint [as runMain] (node:internal/modules/run_main:77:12)\n' +
    '    at node:internal/main/run_main_module:17:47',
  stack: 'Error: FATAL ERROR: jwtPrivateKey not defined.\n' +
    '    at module.exports (C:\\Users\\pavan\\OneDrive\\Desktop\\vidly\\startup\\config.js:5:11)\n' +
    '    at Object.<anonymous> (C:\\Users\\pavan\\OneDrive\\Desktop\\vidly\\index.js:6:28)\n' +
    '    at Module._compile (node:internal/modules/cjs/loader:1105:14)\n' +
    '    at Object.Module._extensions..js (node:internal/modules/cjs/loader:1159:10)\n' +
    '    at Module.load (node:internal/modules/cjs/loader:981:32)\n' +
    '    at Function.Module._load (node:internal/modules/cjs/loader:822:12)\n' +
    '    at Function.executeUserEntryPoint [as runMain] (node:internal/modules/run_main:77:12)\n' +
    '    at node:internal/main/run_main_module:17:47',
  exception: true,
  date: 'Tue Sep 06 2022 21:53:23 GMT+0530 (India Standard Time)',
  process: {
    pid: 15020,
    uid: null,
    gid: null,
    cwd: 'C:\\Users\\pavan\\OneDrive\\Desktop\\vidly',
    execPath: 'C:\\Program Files\\nodejs\\node.exe',
    version: 'v16.16.0',
    argv: [
      'C:\\Program Files\\nodejs\\node.exe',
      'C:\\Users\\pavan\\OneDrive\\Desktop\\vidly\\index.js'
    ],
    memoryUsage: {
      rss: 38215680,
      heapTotal: 17784832,
      heapUsed: 10920216,
      external: 1761355,
      arrayBuffers: 198155
    }
  },
  os: { loadavg: [ 0, 0, 0 ], uptime: 36222 },
  trace: [
    {
      column: 11,
      file: 'C:\\Users\\pavan\\OneDrive\\Desktop\\vidly\\startup\\config.js',
      function: 'module.exports',
      line: 5,
      method: 'exports',
      native: false
    },
    {
      column: 28,
      file: 'C:\\Users\\pavan\\OneDrive\\Desktop\\vidly\\index.js',
      function: null,
      line: 6,
      method: null,
      native: false
    },
    {
      column: 14,
      file: 'node:internal/modules/cjs/loader',
      function: 'Module._compile',
      line: 1105,
      method: '_compile',
      native: false
    },
    {
      column: 10,
      file: 'node:internal/modules/cjs/loader',
      function: 'Module._extensions..js',
      line: 1159,
      method: '.js',
      native: false
    },
    {
      column: 32,
      file: 'node:internal/modules/cjs/loader',
      function: 'Module.load',
      line: 981,
      method: 'load',
      native: false
    },
    {
      column: 12,
      file: 'node:internal/modules/cjs/loader',
      function: 'Module._load',
      line: 822,
      method: '_load',
      native: false
    },
    {
      column: 12,
      file: 'node:internal/modules/run_main',
      function: 'Function.executeUserEntryPoint [as runMain]',
      line: 77,
      method: 'executeUserEntryPoint [as runMain]',
      native: false
    },
    {
      column: 47,
      file: 'node:internal/main/run_main_module',
      function: null,
      line: 17,
      method: null,
      native: false
    }
  ],
  timestamp: '2022-09-06T16:23:23.404Z'
}
